2025-05-08 21:47:29,785 - INFO - Fetching arrivals flight data from https://api.aviationstack.com/v1/flights...
2025-05-08 21:47:31,747 - INFO -  SUCCESS - Successfully fetched arrivals flight data for the airoport TUN
2025-05-08 21:47:31,761 - INFO - Fetching arrivals flight data from https://api.aviationstack.com/v1/flights...
2025-05-08 21:47:32,396 - INFO -  SUCCESS - Successfully fetched arrivals flight data for the airoport MIR
2025-05-08 21:47:32,404 - INFO - Fetching arrivals flight data from https://api.aviationstack.com/v1/flights...
2025-05-08 21:47:33,093 - INFO -  SUCCESS - Successfully fetched arrivals flight data for the airoport NBE
2025-05-08 21:47:33,113 - INFO - Fetching arrivals flight data from https://api.aviationstack.com/v1/flights...
2025-05-08 21:47:33,980 - INFO -  SUCCESS - Successfully fetched arrivals flight data for the airoport DJE
2025-05-08 21:47:33,989 - INFO - Fetching arrivals flight data from https://api.aviationstack.com/v1/flights...
2025-05-08 21:47:34,425 - INFO -  SUCCESS - Successfully fetched arrivals flight data for the airoport TOE
2025-05-08 21:47:34,429 - INFO - Fetching arrivals flight data from https://api.aviationstack.com/v1/flights...
2025-05-08 21:47:34,862 - CRITICAL - FAILED - No valid flight data found in the response for arrivals for the airoport GAE
2025-05-08 21:47:34,863 - INFO - Fetching arrivals flight data from https://api.aviationstack.com/v1/flights...
2025-05-08 21:47:35,294 - CRITICAL - FAILED - No valid flight data found in the response for arrivals for the airoport GAF
2025-05-08 21:47:35,295 - INFO - Fetching arrivals flight data from https://api.aviationstack.com/v1/flights...
2025-05-08 21:47:35,774 - INFO -  SUCCESS - Successfully fetched arrivals flight data for the airoport SFA
2025-05-08 21:47:35,779 - INFO - Fetching arrivals flight data from https://api.aviationstack.com/v1/flights...
2025-05-08 21:47:36,205 - CRITICAL - FAILED - No valid flight data found in the response for arrivals for the airoport TBJ
2025-05-08 21:47:36,206 - INFO - Fetching arrivals flight data from https://api.aviationstack.com/v1/flights...
2025-05-08 21:47:36,624 - CRITICAL - FAILED - No valid flight data found in the response for arrivals for the airoport EBM
2025-05-08 22:12:59,325 - INFO - Fetching arrivals flight data from https://api.aviationstack.com/v1/flights...
2025-05-08 22:12:59,789 - ERROR - HTTP error occured while accessing https://api.aviationstack.com/v1/flights
2025-05-08 22:17:03,815 - INFO - Fetching arrivals flight data from https://api.aviationstack.com/v1/flights...
2025-05-08 22:17:04,208 - ERROR - API connection error: 401 Client Error: Unauthorized for url: https://api.aviationstack.com/v1/flights?access_key=test&arr_iata=TUN
